<?xml version="1.0" encoding="UTF-8"?>
<testsuite xmlns:xsi="http://www.w3.org/2001/XMLSchema-instance" xsi:noNamespaceSchemaLocation="https://maven.apache.org/surefire/maven-surefire-plugin/xsd/surefire-test-report-3.0.xsd" version="3.0" name="com.bfhl.solution.BfhlServiceTest" time="0.193" tests="6" errors="0" skipped="0" failures="0">
  <properties>
[...]
</properties>
  <testcase name="testExampleA" classname="com.bfhl.solution.BfhlServiceTest" time="0.146"/>
  <testcase name="testExampleB" classname="com.bfhl.solution.BfhlServiceTest" time="0.002"/>
  <testcase name="testExampleC" classname="com.bfhl.solution.BfhlServiceTest" time="0.001"/>
  <testcase name="testUserIdFormat" classname="com.bfhl.solution.BfhlServiceTest" time="0.002"/>
  <testcase name="testEmptyData" classname="com.bfhl.solution.BfhlServiceTest" time="0.001"/>
  <testcase name="testOnlySpecialChars" classname="com.bfhl.solution.BfhlServiceTest" time="0.001"/>
</testsuite>